2019-02-20 15:00:07 INFO  OrangeHRMTest:45 - Username&Password entered
2019-02-20 15:01:01 INFO  OrangeHRMTest:45 - Username&Password entered
2019-02-20 15:02:27 INFO  OrangeHRMTest:45 - Username&Password entered
2019-02-20 15:03:33 INFO  OrangeHRMTest:37 - URL Launched
2019-02-20 15:03:33 INFO  OrangeHRMTest:47 - Username&Password entered
2019-02-20 15:27:31 INFO  OrangeHRM_Property_Excel_Log_Test:54 - Chrome driver is instantiated...
2019-02-20 15:29:35 INFO  OrangeHRM_Property_Excel_Log_Test:54 - Chrome driver is instantiated...
2019-02-20 15:35:58 INFO  OrangeHRM_Property_Excel_Log_Test:54 - Chrome driver is instantiated...
2019-02-20 15:36:26 INFO  OrangeHRM_Property_Excel_Log_Test:54 - Chrome driver is instantiated...
2019-02-20 15:36:30 INFO  OrangeHRM_Property_Excel_Log_Test:57 - https://opensource-demo.orangehrmlive.com/index.php/auth/login is opened...
2019-02-20 15:36:30 DEBUG OrangeHRM_Property_Excel_Log_Test:58 - Current URL:https://opensource-demo.orangehrmlive.com/index.php/auth/login
2019-02-20 15:36:30 DEBUG OrangeHRM_Property_Excel_Log_Test:59 - Page Title:OrangeHRM
2019-02-20 15:38:03 INFO  OrangeHRM_Property_Excel_Log_Test:54 - Chrome driver is instantiated...
2019-02-20 15:38:07 INFO  OrangeHRM_Property_Excel_Log_Test:57 - https://opensource-demo.orangehrmlive.com/index.php/auth/login is opened...
2019-02-20 15:38:07 DEBUG OrangeHRM_Property_Excel_Log_Test:58 - Current URL:https://opensource-demo.orangehrmlive.com/index.php/auth/login
2019-02-20 15:38:07 DEBUG OrangeHRM_Property_Excel_Log_Test:59 - Page Title:OrangeHRM
2019-02-20 15:45:23 INFO  OrangeHRM_Property_Excel_Log_Test:54 - Chrome driver is instantiated...
2019-02-20 15:45:27 INFO  OrangeHRM_Property_Excel_Log_Test:57 - https://opensource-demo.orangehrmlive.com/index.php/auth/login is opened...
2019-02-20 15:45:27 DEBUG OrangeHRM_Property_Excel_Log_Test:58 - Current URL:https://opensource-demo.orangehrmlive.com/index.php/auth/login
2019-02-20 15:45:27 DEBUG OrangeHRM_Property_Excel_Log_Test:59 - Page Title:OrangeHRM
2019-02-20 15:46:57 INFO  OrangeHRM_Property_Excel_Log_Test:54 - Chrome driver is instantiated...
2019-02-20 15:47:01 INFO  OrangeHRM_Property_Excel_Log_Test:57 - https://opensource-demo.orangehrmlive.com/index.php/auth/login is opened...
2019-02-20 15:47:01 DEBUG OrangeHRM_Property_Excel_Log_Test:58 - Current URL:https://opensource-demo.orangehrmlive.com/index.php/auth/login
2019-02-20 15:47:01 DEBUG OrangeHRM_Property_Excel_Log_Test:59 - Page Title:OrangeHRM
2019-02-20 15:51:17 INFO  OrangeHRM_Property_Excel_Log_Test:54 - Chrome driver is instantiated...
2019-02-20 15:51:21 INFO  OrangeHRM_Property_Excel_Log_Test:57 - https://opensource-demo.orangehrmlive.com/index.php/auth/login is opened...
2019-02-20 15:51:21 DEBUG OrangeHRM_Property_Excel_Log_Test:58 - Current URL:https://opensource-demo.orangehrmlive.com/index.php/auth/login
2019-02-20 15:51:21 DEBUG OrangeHRM_Property_Excel_Log_Test:59 - Page Title:OrangeHRM
2019-02-20 15:54:10 INFO  OrangeHRM_Property_Excel_Log_Test:54 - Chrome driver is instantiated...
2019-02-20 15:54:14 INFO  OrangeHRM_Property_Excel_Log_Test:57 - https://opensource-demo.orangehrmlive.com/index.php/auth/login is opened...
2019-02-20 15:54:14 DEBUG OrangeHRM_Property_Excel_Log_Test:58 - Current URL:https://opensource-demo.orangehrmlive.com/index.php/auth/login
2019-02-20 15:54:14 DEBUG OrangeHRM_Property_Excel_Log_Test:59 - Page Title:OrangeHRM
2019-02-20 15:57:20 INFO  OrangeHRM_Property_Excel_Log_Test:54 - Chrome driver is instantiated...
2019-02-20 15:57:24 INFO  OrangeHRM_Property_Excel_Log_Test:57 - https://opensource-demo.orangehrmlive.com/index.php/auth/login is opened...
2019-02-20 15:57:24 DEBUG OrangeHRM_Property_Excel_Log_Test:58 - Current URL:https://opensource-demo.orangehrmlive.com/index.php/auth/login
2019-02-20 15:57:25 DEBUG OrangeHRM_Property_Excel_Log_Test:59 - Page Title:OrangeHRM
2019-02-20 16:20:31 INFO  OrangeHRM_Property_Excel_Log_Test:54 - Chrome driver is instantiated...
2019-02-20 16:20:35 INFO  OrangeHRM_Property_Excel_Log_Test:57 - https://opensource-demo.orangehrmlive.com/index.php/auth/login is opened...
2019-02-20 16:20:35 DEBUG OrangeHRM_Property_Excel_Log_Test:58 - Current URL:https://opensource-demo.orangehrmlive.com/index.php/auth/login
2019-02-20 16:20:35 DEBUG OrangeHRM_Property_Excel_Log_Test:59 - Page Title:OrangeHRM
2019-02-20 16:22:18 INFO  OrangeHRM_Property_Excel_Log_Test:54 - Chrome driver is instantiated...
2019-02-20 16:22:22 INFO  OrangeHRM_Property_Excel_Log_Test:57 - https://opensource-demo.orangehrmlive.com/index.php/auth/login is opened...
2019-02-20 16:22:22 DEBUG OrangeHRM_Property_Excel_Log_Test:58 - Current URL:https://opensource-demo.orangehrmlive.com/index.php/auth/login
2019-02-20 16:22:22 DEBUG OrangeHRM_Property_Excel_Log_Test:59 - Page Title:OrangeHRM
2019-02-20 16:22:22 INFO  OrangeHRM_Property_Excel_Log_Test:71 - WebElements are found...
2019-02-20 16:22:22 DEBUG OrangeHRM_Property_Excel_Log_Test:72 - [[ChromeDriver: chrome on XP (ec34601e7e5e85526397ce9df4a01b1a)] -> xpath: //input[@name='txtUsername']]:[[ChromeDriver: chrome on XP (ec34601e7e5e85526397ce9df4a01b1a)] -> xpath: //input[@name='txtPassword']]:[[ChromeDriver: chrome on XP (ec34601e7e5e85526397ce9df4a01b1a)] -> xpath: //input[@name='Submit']]
2019-02-20 16:27:06 INFO  OrangeHRM_Property_Excel_Log_Test:54 - Chrome driver is instantiated...
2019-02-20 16:27:10 INFO  OrangeHRM_Property_Excel_Log_Test:57 - https://opensource-demo.orangehrmlive.com/index.php/auth/login is opened...
2019-02-20 16:27:10 DEBUG OrangeHRM_Property_Excel_Log_Test:58 - Current URL:https://opensource-demo.orangehrmlive.com/index.php/auth/login
2019-02-20 16:27:10 DEBUG OrangeHRM_Property_Excel_Log_Test:59 - Page Title:OrangeHRM
2019-02-20 16:27:10 INFO  OrangeHRM_Property_Excel_Log_Test:71 - WebElements are found...
2019-02-20 16:27:10 DEBUG OrangeHRM_Property_Excel_Log_Test:72 - [[ChromeDriver: chrome on XP (514fbf68e4dfce90267041217bcc9deb)] -> xpath: //input[@name='txtUsername']]:[[ChromeDriver: chrome on XP (514fbf68e4dfce90267041217bcc9deb)] -> xpath: //input[@name='txtPassword']]:[[ChromeDriver: chrome on XP (514fbf68e4dfce90267041217bcc9deb)] -> xpath: //input[@name='Submit']]
2019-02-20 16:27:10 INFO  OrangeHRM_Property_Excel_Log_Test:77 - Username and password entered...
2019-02-20 16:27:10 DEBUG OrangeHRM_Property_Excel_Log_Test:78 - Username:Admin	Password:admin123
2019-02-20 16:27:14 INFO  OrangeHRM_Property_Excel_Log_Test:80 - Login is clicked...
2019-02-20 16:29:17 INFO  OrangeHRM_Property_Excel_Log_Test:54 - Chrome driver is instantiated...
2019-02-20 16:29:20 INFO  OrangeHRM_Property_Excel_Log_Test:57 - https://opensource-demo.orangehrmlive.com/index.php/auth/login is opened...
2019-02-20 16:29:21 DEBUG OrangeHRM_Property_Excel_Log_Test:58 - Current URL:https://opensource-demo.orangehrmlive.com/index.php/auth/login
2019-02-20 16:29:21 DEBUG OrangeHRM_Property_Excel_Log_Test:59 - Page Title:OrangeHRM
2019-02-20 16:29:21 INFO  OrangeHRM_Property_Excel_Log_Test:71 - WebElements are found...
2019-02-20 16:29:21 DEBUG OrangeHRM_Property_Excel_Log_Test:72 - [[ChromeDriver: chrome on XP (042a5d24b45985229aa03a095d99289b)] -> xpath: //input[@name='txtUsername']]:[[ChromeDriver: chrome on XP (042a5d24b45985229aa03a095d99289b)] -> xpath: //input[@name='txtPassword']]:[[ChromeDriver: chrome on XP (042a5d24b45985229aa03a095d99289b)] -> xpath: //input[@name='Submit']]
2019-02-20 16:29:21 INFO  OrangeHRM_Property_Excel_Log_Test:77 - Username and password entered...
2019-02-20 16:29:21 DEBUG OrangeHRM_Property_Excel_Log_Test:78 - Username:Admin	Password:admin123
2019-02-20 16:29:26 INFO  OrangeHRM_Property_Excel_Log_Test:80 - Login is clicked...
2019-02-20 16:39:38 INFO  OrangeHRM_Property_Excel_Log_Test:93 - Chrome driver is instantiated...
2019-02-20 16:39:43 INFO  OrangeHRM_Property_Excel_Log_Test:96 - https://opensource-demo.orangehrmlive.com/index.php/auth/login is opened...
2019-02-20 16:39:43 DEBUG OrangeHRM_Property_Excel_Log_Test:97 - Current URL:https://opensource-demo.orangehrmlive.com/index.php/auth/login
2019-02-20 16:39:43 DEBUG OrangeHRM_Property_Excel_Log_Test:98 - Page Title:OrangeHRM
2019-02-20 16:39:43 INFO  OrangeHRM_Property_Excel_Log_Test:110 - WebElements are found...
2019-02-20 16:39:43 DEBUG OrangeHRM_Property_Excel_Log_Test:111 - [[ChromeDriver: chrome on XP (ba25ee56765d179caf42d4be28bb2ca6)] -> xpath: //input[@name='txtUsername']]:[[ChromeDriver: chrome on XP (ba25ee56765d179caf42d4be28bb2ca6)] -> xpath: //input[@name='txtPassword']]:[[ChromeDriver: chrome on XP (ba25ee56765d179caf42d4be28bb2ca6)] -> xpath: //input[@name='Submit']]
2019-02-20 16:39:43 INFO  OrangeHRM_Property_Excel_Log_Test:116 - Username and password entered...
2019-02-20 16:39:43 DEBUG OrangeHRM_Property_Excel_Log_Test:117 - Username:Admin	Password:admin123
2019-02-20 16:39:47 INFO  OrangeHRM_Property_Excel_Log_Test:119 - Login is clicked...
2019-02-20 16:41:48 INFO  OrangeHRMTest:42 - URL Launched
2019-02-20 16:41:48 INFO  OrangeHRMTest:52 - Username&Password entered
2019-02-20 16:48:16 INFO  OrangeHRMTest:42 - URL Launched
2019-02-20 16:48:16 INFO  OrangeHRMTest:52 - Username&Password entered
2019-02-20 16:48:25 INFO  OrangeHRMTest:120 - You are Welcome to this Page
2019-02-20 17:16:39 INFO  OrangeHRMTest:43 - URL Launched
2019-02-20 17:16:39 INFO  OrangeHRMTest:53 - Username&Password entered
2019-02-20 17:18:00 INFO  OrangeHRMTest:43 - URL Launched
2019-02-20 17:18:00 INFO  OrangeHRMTest:53 - Username&Password entered
2019-02-20 17:18:54 INFO  OrangeHRMTest:43 - URL Launched
2019-02-20 17:18:54 INFO  OrangeHRMTest:53 - Username&Password entered
2019-02-20 17:20:15 INFO  OrangeHRMTest:43 - URL Launched
2019-02-20 17:20:15 INFO  OrangeHRMTest:53 - Username&Password entered
2019-02-20 17:22:03 INFO  OrangeHRMTest:43 - URL Launched
2019-02-20 17:22:03 INFO  OrangeHRMTest:53 - Username&Password entered
2019-02-20 17:22:13 INFO  OrangeHRMTest:125 - You are Welcome to this Page
